<?xml version="1.0" encoding="UTF-8" standalone="no"?>
<BGSimParams>
  <SimInfoParams name="SimInfoParams">
    <SimParams name="SimParams">
      <!-- 2 epochs of 15 minutes each -->
      <epochDuration name="epochDuration">900</epochDuration>
      <numEpochs name="numEpochs">2</numEpochs>
      <!-- Every simulation step is 1 second -->
      <deltaT name="Simulation Step Duration">1</deltaT>
    </SimParams>
    <SimConfig name="SimConfig">
      <maxFiringRate name="maxFiringRate">100</maxFiringRate>
      <!-- Seattle PD PSAP has 194 edges in total -->
      <maxEdgesPerVertex name="maxEdgesPerVertex">25</maxEdgesPerVertex>
    </SimConfig>
    <RNGConfig name="RNGConfig">
      <InitRNGSeed name="InitRNGSeed">1</InitRNGSeed>
      <NoiseRNGSeed class="Norm" name="NoiseRNGSeed">1</NoiseRNGSeed>
    </RNGConfig>
  </SimInfoParams>

  <ModelParams>
    <VerticesParams class="All911Vertices" name="VerticesParams">
      <RedialP name="RedialProbability">0.85</RedialP>
      <!-- Response unit driving speed in mph -->
      <AvgDrivingSpeed name="AverageDrivingSpeed">30.0</AvgDrivingSpeed>
    </VerticesParams>

    <EdgesParams class="All911Edges" name="EdgesParams">
    </EdgesParams>

    <ConnectionsParams class="Connections911" name="ConnectionsParams">
      <graphmlFile name="graphmlFile">../configfiles/graphs/test-small-911.graphml</graphmlFile>
          <!-- Max ConnsPerVertex = 87 RC + 1 PR -->
      <connsPerVertex name="connsPerVertex">25</connsPerVertex>
      <psapsToErase name="psapsToErase">0</psapsToErase>
      <respsToErase name="respsToErase">0</respsToErase>
    </ConnectionsParams>

    <InputParams name="InputParams">
      <inputFile name="inputFile">../configfiles/inputs/test-small-911-calls.xml</inputFile>
    </InputParams>

    <LayoutParams class="Layout911" name="LayoutParams">
    </LayoutParams>
    
    <RecorderParams class="Xml911Recorder" name="RecorderParams">
      <RecorderFiles name="RecorderFiles">
        <resultFileName name="resultFileName">../Testing/RegressionTesting/TestOutput/test-small-911-out.xml</resultFileName>
      </RecorderFiles>
    </RecorderParams>
  </ModelParams>
</BGSimParams>
